<?xml version="1.0" encoding="UTF-8"?>
<testsuite xmlns:xsi="http://www.w3.org/2001/XMLSchema-instance" xsi:noNamespaceSchemaLocation="https://maven.apache.org/surefire/maven-surefire-plugin/xsd/surefire-test-report-3.0.xsd" version="3.0" name="test.java.com.todo.model.TestController" time="0.046" tests="4" errors="0" skipped="0" failures="0">
  <properties>
[...]
</properties>
  <testcase name="testUpdateTask" classname="test.java.com.todo.model.TestController" time="0.025"/>
  <testcase name="testReadTask" classname="test.java.com.todo.model.TestController" time="0"/>
  <testcase name="testCreateTask" classname="test.java.com.todo.model.TestController" time="0.001"/>
  <testcase name="testDeleteTask" classname="test.java.com.todo.model.TestController" time="0"/>
</testsuite>